<?xml version="1.0" encoding="UTF-8"?>
<testsuites name="jest tests" tests="3" failures="0" time="2.824">
  <testsuite name="DeleteConfirmationDialog tests" errors="0" failures="0" skipped="0" timestamp="2020-03-27T15:10:13" time="2.219" tests="3">
    <testcase classname="DeleteConfirmationDialog tests Should show the dialog with the correct message and title" name="DeleteConfirmationDialog tests Should show the dialog with the correct message and title" time="0.101">
    </testcase>
    <testcase classname="DeleteConfirmationDialog tests Should correctly execute primary action" name="DeleteConfirmationDialog tests Should correctly execute primary action" time="0.049">
    </testcase>
    <testcase classname="DeleteConfirmationDialog tests Should correctly execute secondary action" name="DeleteConfirmationDialog tests Should correctly execute secondary action" time="0.031">
    </testcase>
  </testsuite>
</testsuites>